<?xml version="1.0" encoding="UTF-8"?>
<!-- Generated by org.testng.reporters.JUnitXMLReporter -->
<testsuite ignored="0" hostname="C40LAP-10041" failures="0" tests="4" name="Default test" time="0.07" errors="0" timestamp="2022-10-08T21:47:30 IST">
  <testcase classname="com.jenky.TestClass1" name="testMethod2" time="0.009"/>
  <testcase classname="com.jenky.TestClass1" name="testMethod1" time="0.002"/>
  <testcase classname="com.jenky.TestClass1" name="testMethod4" time="0.001"/>
  <testcase classname="com.jenky.TestClass1" name="testMethod3" time="0.001"/>
</testsuite> <!-- Default test -->
