<?xml version="1.0" encoding="UTF-8"?>
<!-- Generated by org.testng.reporters.JUnitXMLReporter -->
<testsuite ignored="2" hostname="C40LAP-10041" failures="0" tests="1" name="Default test" time="5.43" errors="0" timestamp="2022-10-08T20:52:24 IST">
  <testcase classname="com.screenshot.TestClass" name="google" time="1.563"/>
  <testcase classname="com.screenshot.TestClass" name="twitter" time="0.0">
    <ignored/>
  </testcase> <!-- twitter -->
  <testcase classname="com.screenshot.TestClass" name="facebook" time="0.0">
    <ignored/>
  </testcase> <!-- facebook -->
</testsuite> <!-- Default test -->
