<?xml version="1.0" encoding="UTF-8"?>
<!-- Generated by org.testng.reporters.JUnitXMLReporter -->
<testsuite ignored="0" hostname="C40LAP-10041" failures="2" tests="15" name="Test" time="18.469" errors="0" timestamp="2022-10-07T13:34:04 IST">
  <testcase classname="com.jenky.TestClass1" name="testMethod2" time="0.011"/>
  <testcase classname="com.jenky.TestClass1" name="testMethod1" time="0.003"/>
  <testcase classname="com.jenky.TestClass1" name="testMethod4" time="0.003"/>
  <testcase classname="com.jenky.TestClass1" name="testMethod3" time="0.003"/>
  <testcase classname="com.jenky.TestClass2" name="testMethod5" time="0.002"/>
  <testcase classname="com.jenky.TestClass2" name="testMethod6" time="0.003"/>
  <testcase classname="com.jenky.TestClass2" name="testMethod7" time="0.002"/>
  <testcase classname="com.jenky.TestClass2" name="testMethod8" time="0.002"/>
  <testcase classname="com.jenky.TestClass3" name="testMethod10" time="0.007"/>
  <testcase classname="com.jenky.TestClass3" name="testMethod11" time="0.002"/>
  <testcase classname="com.jenky.TestClass3" name="testMethod12" time="0.001"/>
  <testcase classname="com.jenky.TestClass3" name="testMethod9" time="0.001"/>
  <testcase classname="com.screenshot.TestClass" name="facebook" time="1.595">
    <failure type="java.lang.AssertionError" message="null">
      <![CDATA[java.lang.AssertionError: null
at com.screenshot.TestClass.facebook(TestClass.java:21)
at java.base/java.util.ArrayList.forEach(ArrayList.java:1511)
... Removed 29 stack frames]]>
    </failure>
  </testcase> <!-- facebook -->
  <testcase classname="com.screenshot.TestClass" name="google" time="8.572"/>
  <testcase classname="com.screenshot.TestClass" name="twitter" time="3.241">
    <failure type="java.lang.AssertionError" message="null">
      <![CDATA[java.lang.AssertionError: null
at com.screenshot.TestClass.twitter(TestClass.java:31)
at java.base/java.util.ArrayList.forEach(ArrayList.java:1511)
... Removed 29 stack frames]]>
    </failure>
  </testcase> <!-- twitter -->
</testsuite> <!-- Test -->
