<?xml version="1.0" encoding="UTF-8"?>
<!-- Generated by org.testng.reporters.JUnitXMLReporter -->
<testsuite ignored="14" hostname="C40LAP-10041" failures="0" tests="2" name="Test" time="0.06" errors="0" timestamp="2022-10-08T21:47:38 IST">
  <testcase classname="com.jenky.TestClass1" name="testMethod1" time="0.012"/>
  <testcase classname="com.jenky.TestClass1" name="testMethod2" time="0.001"/>
  <testcase classname="com.jenky.TestClass1" name="testMethod3" time="0.0">
    <ignored/>
  </testcase> <!-- testMethod3 -->
  <testcase classname="com.jenky.TestClass2" name="testMethod7" time="0.0">
    <ignored/>
  </testcase> <!-- testMethod7 -->
  <testcase classname="com.jenky.TestClass2" name="testMethod8" time="0.0">
    <ignored/>
  </testcase> <!-- testMethod8 -->
  <testcase classname="com.jenky.TestClass3" name="testMethod9" time="0.0">
    <ignored/>
  </testcase> <!-- testMethod9 -->
  <testcase classname="com.jenky.TestClass3" name="testMethod11" time="0.0">
    <ignored/>
  </testcase> <!-- testMethod11 -->
  <testcase classname="com.jenky.TestClass3" name="testMethod10" time="0.0">
    <ignored/>
  </testcase> <!-- testMethod10 -->
  <testcase classname="com.jenky.TestClass2" name="testMethod5" time="0.0">
    <ignored/>
  </testcase> <!-- testMethod5 -->
  <testcase classname="com.jenky.TestClass1" name="testMethod4" time="0.0">
    <ignored/>
  </testcase> <!-- testMethod4 -->
  <testcase classname="com.jenky.TestClass2" name="testMethod6" time="0.0">
    <ignored/>
  </testcase> <!-- testMethod6 -->
  <testcase classname="com.jenky.TestClass3" name="testMethod12" time="0.0">
    <ignored/>
  </testcase> <!-- testMethod12 -->
  <testcase classname="com.screenshot.TestClass" name="facebook" time="0.0">
    <ignored/>
  </testcase> <!-- facebook -->
  <testcase classname="com.screenshot.TestClass" name="twitter" time="0.0">
    <ignored/>
  </testcase> <!-- twitter -->
  <testcase classname="com.screenshot.TestClass" name="google" time="0.0">
    <ignored/>
  </testcase> <!-- google -->
  <testcase classname="com.jenky.LoggerDemo" name="logs" time="0.0">
    <ignored/>
  </testcase> <!-- logs -->
</testsuite> <!-- Test -->
