<?xml version="1.0" encoding="UTF-8"?>
<!-- Generated by org.testng.reporters.JUnitXMLReporter -->
<testsuite ignored="0" hostname="C40LAP-10041" failures="0" tests="12" name="Test" time="0.065" errors="0" timestamp="2022-10-06T17:37:09 IST">
  <testcase classname="com.jenky.TestClass1" name="testMethod2" time="0.005"/>
  <testcase classname="com.jenky.TestClass1" name="testMethod1" time="0.0"/>
  <testcase classname="com.jenky.TestClass1" name="testMethod4" time="0.0"/>
  <testcase classname="com.jenky.TestClass1" name="testMethod3" time="0.0"/>
  <testcase classname="com.jenky.TestClass3" name="testMethod10" time="0.001"/>
  <testcase classname="com.jenky.TestClass3" name="testMethod11" time="0.001"/>
  <testcase classname="com.jenky.TestClass3" name="testMethod12" time="0.0"/>
  <testcase classname="com.jenky.TestClass3" name="testMethod9" time="0.0"/>
  <testcase classname="com.jenky.TestClass2" name="testMethod5" time="0.0"/>
  <testcase classname="com.jenky.TestClass2" name="testMethod6" time="0.0"/>
  <testcase classname="com.jenky.TestClass2" name="testMethod7" time="0.0"/>
  <testcase classname="com.jenky.TestClass2" name="testMethod8" time="0.0"/>
</testsuite> <!-- Test -->
