<?xml version="1.0" encoding="UTF-8"?>
<!-- Generated by org.testng.reporters.JUnitXMLReporter -->
<testsuite ignored="0" hostname="C40LAP-10041" failures="0" tests="16" name="Test" time="7.491" errors="0" timestamp="2022-10-08T19:47:32 IST">
  <testcase classname="com.jenky.TestClass1" name="testMethod2" time="0.001"/>
  <testcase classname="com.jenky.TestClass1" name="testMethod1" time="0.0"/>
  <testcase classname="com.jenky.TestClass1" name="testMethod4" time="0.0"/>
  <testcase classname="com.jenky.TestClass1" name="testMethod3" time="0.001"/>
  <testcase classname="com.jenky.TestClass2" name="testMethod5" time="0.0"/>
  <testcase classname="com.jenky.TestClass2" name="testMethod6" time="0.0"/>
  <testcase classname="com.jenky.TestClass2" name="testMethod7" time="0.0"/>
  <testcase classname="com.jenky.TestClass2" name="testMethod8" time="0.0"/>
  <testcase classname="com.jenky.TestClass3" name="testMethod10" time="0.0"/>
  <testcase classname="com.jenky.TestClass3" name="testMethod11" time="0.0"/>
  <testcase classname="com.jenky.TestClass3" name="testMethod12" time="0.0"/>
  <testcase classname="com.jenky.TestClass3" name="testMethod9" time="0.0"/>
  <testcase classname="com.screenshot.TestClass" name="facebook" time="0.941"/>
  <testcase classname="com.screenshot.TestClass" name="google" time="1.408"/>
  <testcase classname="com.screenshot.TestClass" name="twitter" time="2.85"/>
  <testcase classname="com.jenky.LoggerDemo" name="logs" time="0.001"/>
</testsuite> <!-- Test -->
