-------------------------------------------------------------------------------
Test set: TestSuite
-------------------------------------------------------------------------------
Tests run: 12, Failures: 1, Errors: 0, Skipped: 1, Time elapsed: 1.078 s <<< FAILURE! - in TestSuite
testMethod2(com.jenky.TestClass1)  Time elapsed: 0.018 s  <<< FAILURE!
java.lang.AssertionError: null
	at com.jenky.TestClass1.testMethod2(TestClass1.java:22)

