<?xml version="1.0" encoding="UTF-8"?>
<testng-results ignored="0" total="12" passed="12" failed="0" skipped="0">
  <reporter-output>
  </reporter-output>
  <suite started-at="2022-10-06T17:37:09 IST" name="Suite" finished-at="2022-10-06T17:37:09 IST" duration-ms="65">
    <groups>
    </groups>
    <test started-at="2022-10-06T17:37:09 IST" name="Test" finished-at="2022-10-06T17:37:09 IST" duration-ms="65">
      <class name="com.jenky.TestClass3">
        <test-method signature="testMethod10()[pri:0, instance:com.jenky.TestClass3@35ef1869]" started-at="2022-10-06T17:37:09 IST" name="testMethod10" finished-at="2022-10-06T17:37:09 IST" duration-ms="1" status="PASS">
          <reporter-output>
          </reporter-output>
        </test-method> <!-- testMethod10 -->
        <test-method signature="testMethod11()[pri:0, instance:com.jenky.TestClass3@35ef1869]" started-at="2022-10-06T17:37:09 IST" name="testMethod11" finished-at="2022-10-06T17:37:09 IST" duration-ms="1" status="PASS">
          <reporter-output>
          </reporter-output>
        </test-method> <!-- testMethod11 -->
        <test-method signature="testMethod12()[pri:0, instance:com.jenky.TestClass3@35ef1869]" started-at="2022-10-06T17:37:09 IST" name="testMethod12" finished-at="2022-10-06T17:37:09 IST" duration-ms="0" status="PASS">
          <reporter-output>
          </reporter-output>
        </test-method> <!-- testMethod12 -->
        <test-method signature="testMethod9()[pri:0, instance:com.jenky.TestClass3@35ef1869]" started-at="2022-10-06T17:37:09 IST" name="testMethod9" finished-at="2022-10-06T17:37:09 IST" duration-ms="0" status="PASS">
          <reporter-output>
          </reporter-output>
        </test-method> <!-- testMethod9 -->
      </class> <!-- com.jenky.TestClass3 -->
      <class name="com.jenky.TestClass2">
        <test-method signature="testMethod5()[pri:0, instance:com.jenky.TestClass2@c33b74f]" started-at="2022-10-06T17:37:09 IST" name="testMethod5" finished-at="2022-10-06T17:37:09 IST" duration-ms="0" status="PASS">
          <reporter-output>
          </reporter-output>
        </test-method> <!-- testMethod5 -->
        <test-method signature="testMethod6()[pri:0, instance:com.jenky.TestClass2@c33b74f]" started-at="2022-10-06T17:37:09 IST" name="testMethod6" finished-at="2022-10-06T17:37:09 IST" duration-ms="0" status="PASS">
          <reporter-output>
          </reporter-output>
        </test-method> <!-- testMethod6 -->
        <test-method signature="testMethod7()[pri:0, instance:com.jenky.TestClass2@c33b74f]" started-at="2022-10-06T17:37:09 IST" name="testMethod7" finished-at="2022-10-06T17:37:09 IST" duration-ms="0" status="PASS">
          <reporter-output>
          </reporter-output>
        </test-method> <!-- testMethod7 -->
        <test-method signature="testMethod8()[pri:0, instance:com.jenky.TestClass2@c33b74f]" started-at="2022-10-06T17:37:09 IST" name="testMethod8" finished-at="2022-10-06T17:37:09 IST" duration-ms="0" status="PASS">
          <reporter-output>
          </reporter-output>
        </test-method> <!-- testMethod8 -->
      </class> <!-- com.jenky.TestClass2 -->
      <class name="com.jenky.TestClass1">
        <test-method signature="testMethod2()[pri:0, instance:com.jenky.TestClass1@31c88ec8]" started-at="2022-10-06T17:37:09 IST" name="testMethod2" finished-at="2022-10-06T17:37:09 IST" duration-ms="5" status="PASS">
          <reporter-output>
          </reporter-output>
        </test-method> <!-- testMethod2 -->
        <test-method signature="testMethod1()[pri:0, instance:com.jenky.TestClass1@31c88ec8]" started-at="2022-10-06T17:37:09 IST" name="testMethod1" finished-at="2022-10-06T17:37:09 IST" duration-ms="0" status="PASS">
          <reporter-output>
          </reporter-output>
        </test-method> <!-- testMethod1 -->
        <test-method signature="testMethod4()[pri:0, instance:com.jenky.TestClass1@31c88ec8]" started-at="2022-10-06T17:37:09 IST" name="testMethod4" finished-at="2022-10-06T17:37:09 IST" duration-ms="0" status="PASS">
          <reporter-output>
          </reporter-output>
        </test-method> <!-- testMethod4 -->
        <test-method signature="testMethod3()[pri:0, instance:com.jenky.TestClass1@31c88ec8]" started-at="2022-10-06T17:37:09 IST" name="testMethod3" finished-at="2022-10-06T17:37:09 IST" depends-on-methods="com.jenky.TestClass1.testMethod2" duration-ms="0" status="PASS">
          <reporter-output>
          </reporter-output>
        </test-method> <!-- testMethod3 -->
      </class> <!-- com.jenky.TestClass1 -->
    </test> <!-- Test -->
  </suite> <!-- Suite -->
</testng-results>
