<?xml version="1.0" encoding="UTF-8"?>
<testng-results ignored="14" total="16" passed="2" failed="0" skipped="0">
  <reporter-output>
  </reporter-output>
  <suite started-at="2022-10-08T21:47:38 IST" name="Suite" finished-at="2022-10-08T21:47:38 IST" duration-ms="60">
    <groups>
      <group name="smoke">
        <method signature="TestClass1.testMethod1()[pri:0, instance:com.jenky.TestClass1@1ed4ae0f]" name="testMethod1" class="com.jenky.TestClass1"/>
      </group> <!-- smoke -->
      <group name="sanity">
        <method signature="TestClass1.testMethod2()[pri:0, instance:com.jenky.TestClass1@1ed4ae0f]" name="testMethod2" class="com.jenky.TestClass1"/>
      </group> <!-- sanity -->
    </groups>
    <test started-at="2022-10-08T21:47:38 IST" name="Test" finished-at="2022-10-08T21:47:38 IST" duration-ms="60">
      <class name="com.jenky.TestClass1">
        <test-method signature="testMethod1()[pri:0, instance:com.jenky.TestClass1@1ed4ae0f]" started-at="2022-10-08T21:47:38 IST" name="testMethod1" finished-at="2022-10-08T21:47:38 IST" duration-ms="12" status="PASS">
          <reporter-output>
          </reporter-output>
        </test-method> <!-- testMethod1 -->
        <test-method signature="testMethod2()[pri:0, instance:com.jenky.TestClass1@1ed4ae0f]" started-at="2022-10-08T21:47:38 IST" name="testMethod2" finished-at="2022-10-08T21:47:38 IST" duration-ms="1" status="PASS">
          <reporter-output>
          </reporter-output>
        </test-method> <!-- testMethod2 -->
      </class> <!-- com.jenky.TestClass1 -->
    </test> <!-- Test -->
  </suite> <!-- Suite -->
</testng-results>
