<?xml version="1.0" encoding="UTF-8"?>
<testng-results ignored="2" total="3" passed="1" failed="0" skipped="0">
  <reporter-output>
  </reporter-output>
  <suite started-at="2022-10-08T20:52:19 IST" name="Default suite" finished-at="2022-10-08T20:52:24 IST" duration-ms="5430">
    <groups>
    </groups>
    <test started-at="2022-10-08T20:52:19 IST" name="Default test" finished-at="2022-10-08T20:52:24 IST" duration-ms="5430">
      <class name="com.screenshot.TestClass">
        <test-method is-config="true" signature="setup()[pri:0, instance:com.screenshot.TestClass@248e319b]" started-at="2022-10-08T20:52:19 IST" name="setup" finished-at="2022-10-08T20:52:23 IST" duration-ms="3817" status="PASS">
          <reporter-output>
          </reporter-output>
        </test-method> <!-- setup -->
        <test-method signature="google()[pri:0, instance:com.screenshot.TestClass@248e319b]" started-at="2022-10-08T20:52:23 IST" name="google" finished-at="2022-10-08T20:52:24 IST" duration-ms="1563" status="PASS">
          <reporter-output>
          </reporter-output>
        </test-method> <!-- google -->
      </class> <!-- com.screenshot.TestClass -->
    </test> <!-- Default test -->
  </suite> <!-- Default suite -->
</testng-results>
